MinimaxDepth5Jocque vs Random
  0 1 2 3 4 5 6 7 
0 B W B W B W B W 
1 W B W B W B W B 
2 B W B W B W B W 
3 W B W B W B W B 
4 B W B W B W B W 
5 W B W B W B W B 
6 B W B W B W B W 
7 W B W B W B W B 

player B's turn
[4, 4, 4, 4]
  0 1 2 3 4 5 6 7 
0 B W B W B W B W 
1 W B W B W B W B 
2 B W B W B W B W 
3 W B W B W B W B 
4 B W B W . W B W 
5 W B W B W B W B 
6 B W B W B W B W 
7 W B W B W B W B 

player W's turn
[5, 4, 5, 4]
  0 1 2 3 4 5 6 7 
0 B W B W B W B W 
1 W B W B W B W B 
2 B W B W B W B W 
3 W B W B W B W B 
4 B W B W . W B W 
5 W B W B . B W B 
6 B W B W B W B W 
7 W B W B W B W B 

player B's turn
[2, 4, 4, 4]
  0 1 2 3 4 5 6 7 
0 B W B W B W B W 
1 W B W B W B W B 
2 B W B W . W B W 
3 W B W B . B W B 
4 B W B W B W B W 
5 W B W B . B W B 
6 B W B W B W B W 
7 W B W B W B W B 

player W's turn
[5, 2, 5, 4]
  0 1 2 3 4 5 6 7 
0 B W B W B W B W 
1 W B W B W B W B 
2 B W B W . W B W 
3 W B W B . B W B 
4 B W B W B W B W 
5 W B . . W B W B 
6 B W B W B W B W 
7 W B W B W B W B 

player B's turn
[0, 4, 2, 4]
  0 1 2 3 4 5 6 7 
0 B W B W . W B W 
1 W B W B . B W B 
2 B W B W B W B W 
3 W B W B . B W B 
4 B W B W B W B W 
5 W B . . W B W B 
6 B W B W B W B W 
7 W B W B W B W B 

player W's turn
[1, 6, 1, 4]
  0 1 2 3 4 5 6 7 
0 B W B W . W B W 
1 W B W B W . . B 
2 B W B W B W B W 
3 W B W B . B W B 
4 B W B W B W B W 
5 W B . . W B W B 
6 B W B W B W B W 
7 W B W B W B W B 

player B's turn
[0, 2, 0, 4]
  0 1 2 3 4 5 6 7 
0 B W . . B W B W 
1 W B W B W . . B 
2 B W B W B W B W 
3 W B W B . B W B 
4 B W B W B W B W 
5 W B . . W B W B 
6 B W B W B W B W 
7 W B W B W B W B 

player W's turn
[3, 6, 1, 6]
  0 1 2 3 4 5 6 7 
0 B W . . B W B W 
1 W B W B W . W B 
2 B W B W B W . W 
3 W B W B . B . B 
4 B W B W B W B W 
5 W B . . W B W B 
6 B W B W B W B W 
7 W B W B W B W B 

player B's turn
[0, 0, 0, 2]
  0 1 2 3 4 5 6 7 
0 . . B . B W B W 
1 W B W B W . W B 
2 B W B W B W . W 
3 W B W B . B . B 
4 B W B W B W B W 
5 W B . . W B W B 
6 B W B W B W B W 
7 W B W B W B W B 

player W's turn
[0, 5, 0, 3]
  0 1 2 3 4 5 6 7 
0 . . B W . . B W 
1 W B W B W . W B 
2 B W B W B W . W 
3 W B W B . B . B 
4 B W B W B W B W 
5 W B . . W B W B 
6 B W B W B W B W 
7 W B W B W B W B 

player B's turn
