MinimaxDepth4Jocque vs MinimaxDepth4Jocque
  0 1 2 3 4 5 6 7 
0 B W B W B W B W 
1 W B W B W B W B 
2 B W B W B W B W 
3 W B W B W B W B 
4 B W B W B W B W 
5 W B W B W B W B 
6 B W B W B W B W 
7 W B W B W B W B 

player B's turn
[4, 4, 4, 4]
  0 1 2 3 4 5 6 7 
0 B W B W B W B W 
1 W B W B W B W B 
2 B W B W B W B W 
3 W B W B W B W B 
4 B W B W . W B W 
5 W B W B W B W B 
6 B W B W B W B W 
7 W B W B W B W B 

player W's turn
[4, 3, 4, 3]
  0 1 2 3 4 5 6 7 
0 B W B W B W B W 
1 W B W B W B W B 
2 B W B W B W B W 
3 W B W B W B W B 
4 B W B . . W B W 
5 W B W B W B W B 
6 B W B W B W B W 
7 W B W B W B W B 

player B's turn
[2, 4, 4, 4]
  0 1 2 3 4 5 6 7 
0 B W B W B W B W 
1 W B W B W B W B 
2 B W B W . W B W 
3 W B W B . B W B 
4 B W B . B W B W 
5 W B W B W B W B 
6 B W B W B W B W 
7 W B W B W B W B 

player W's turn
[2, 3, 4, 3]
  0 1 2 3 4 5 6 7 
0 B W B W B W B W 
1 W B W B W B W B 
2 B W B . . W B W 
3 W B W . . B W B 
4 B W B W B W B W 
5 W B W B W B W B 
6 B W B W B W B W 
7 W B W B W B W B 

player B's turn
[5, 3, 3, 3]
  0 1 2 3 4 5 6 7 
0 B W B W B W B W 
1 W B W B W B W B 
2 B W B . . W B W 
3 W B W B . B W B 
4 B W B . B W B W 
5 W B W . W B W B 
6 B W B W B W B W 
7 W B W B W B W B 

player W's turn
[0, 3, 2, 3]
  0 1 2 3 4 5 6 7 
0 B W B . B W B W 
1 W B W . W B W B 
2 B W B W . W B W 
3 W B W B . B W B 
4 B W B . B W B W 
5 W B W . W B W B 
6 B W B W B W B W 
7 W B W B W B W B 

player B's turn
[2, 2, 2, 4]
  0 1 2 3 4 5 6 7 
0 B W B . B W B W 
1 W B W . W B W B 
2 B W . . B W B W 
3 W B W B . B W B 
4 B W B . B W B W 
5 W B W . W B W B 
6 B W B W B W B W 
7 W B W B W B W B 

player W's turn
[1, 4, 3, 4]
  0 1 2 3 4 5 6 7 
0 B W B . B W B W 
1 W B W . . B W B 
2 B W . . . W B W 
3 W B W B W B W B 
4 B W B . B W B W 
5 W B W . W B W B 
6 B W B W B W B W 
7 W B W B W B W B 

player B's turn
[1, 1, 1, 3]
  0 1 2 3 4 5 6 7 
0 B W B . B W B W 
1 W . . B . B W B 
2 B W . . . W B W 
3 W B W B W B W B 
4 B W B . B W B W 
5 W B W . W B W B 
6 B W B W B W B W 
7 W B W B W B W B 

player W's turn
[0, 1, 0, 3]
  0 1 2 3 4 5 6 7 
0 B . . W B W B W 
1 W . . B . B W B 
2 B W . . . W B W 
3 W B W B W B W B 
4 B W B . B W B W 
5 W B W . W B W B 
6 B W B W B W B W 
7 W B W B W B W B 

player B's turn
