MinimaxDepth1Jocque vs MinimaxDepth2Jocque
  0 1 2 3 4 5 6 7 
0 B W B W B W B W 
1 W B W B W B W B 
2 B W B W B W B W 
3 W B W B W B W B 
4 B W B W B W B W 
5 W B W B W B W B 
6 B W B W B W B W 
7 W B W B W B W B 

player B's turn
[0, 0, 0, 0]
  0 1 2 3 4 5 6 7 
0 . W B W B W B W 
1 W B W B W B W B 
2 B W B W B W B W 
3 W B W B W B W B 
4 B W B W B W B W 
5 W B W B W B W B 
6 B W B W B W B W 
7 W B W B W B W B 

player W's turn
[0, 1, 0, 1]
  0 1 2 3 4 5 6 7 
0 . . B W B W B W 
1 W B W B W B W B 
2 B W B W B W B W 
3 W B W B W B W B 
4 B W B W B W B W 
5 W B W B W B W B 
6 B W B W B W B W 
7 W B W B W B W B 

player B's turn
[2, 0, 0, 0]
  0 1 2 3 4 5 6 7 
0 B . B W B W B W 
1 . B W B W B W B 
2 . W B W B W B W 
3 W B W B W B W B 
4 B W B W B W B W 
5 W B W B W B W B 
6 B W B W B W B W 
7 W B W B W B W B 

player W's turn
[0, 3, 0, 1]
  0 1 2 3 4 5 6 7 
0 B W . . B W B W 
1 . B W B W B W B 
2 . W B W B W B W 
3 W B W B W B W B 
4 B W B W B W B W 
5 W B W B W B W B 
6 B W B W B W B W 
7 W B W B W B W B 

player B's turn
[0, 0, 0, 2]
  0 1 2 3 4 5 6 7 
0 . . B . B W B W 
1 . B W B W B W B 
2 . W B W B W B W 
3 W B W B W B W B 
4 B W B W B W B W 
5 W B W B W B W B 
6 B W B W B W B W 
7 W B W B W B W B 

player W's turn
[0, 5, 0, 3]
  0 1 2 3 4 5 6 7 
0 . . B W . . B W 
1 . B W B W B W B 
2 . W B W B W B W 
3 W B W B W B W B 
4 B W B W B W B W 
5 W B W B W B W B 
6 B W B W B W B W 
7 W B W B W B W B 

player B's turn
[0, 2, 0, 4]
  0 1 2 3 4 5 6 7 
0 . . . . B . B W 
1 . B W B W B W B 
2 . W B W B W B W 
3 W B W B W B W B 
4 B W B W B W B W 
5 W B W B W B W B 
6 B W B W B W B W 
7 W B W B W B W B 

player W's turn
[0, 7, 0, 5]
  0 1 2 3 4 5 6 7 
0 . . . . B W . . 
1 . B W B W B W B 
2 . W B W B W B W 
3 W B W B W B W B 
4 B W B W B W B W 
5 W B W B W B W B 
6 B W B W B W B W 
7 W B W B W B W B 

player B's turn
[0, 4, 0, 6]
  0 1 2 3 4 5 6 7 
0 . . . . . . B . 
1 . B W B W B W B 
2 . W B W B W B W 
3 W B W B W B W B 
4 B W B W B W B W 
5 W B W B W B W B 
6 B W B W B W B W 
7 W B W B W B W B 

player W's turn
[1, 2, 1, 0]
  0 1 2 3 4 5 6 7 
0 . . . . . . B . 
1 W . . B W B W B 
2 . W B W B W B W 
3 W B W B W B W B 
4 B W B W B W B W 
5 W B W B W B W B 
6 B W B W B W B W 
7 W B W B W B W B 

player B's turn
[2, 2, 2, 0]
  0 1 2 3 4 5 6 7 
0 . . . . . . B . 
1 W . . B W B W B 
2 B . . W B W B W 
3 W B W B W B W B 
4 B W B W B W B W 
5 W B W B W B W B 
6 B W B W B W B W 
7 W B W B W B W B 

player W's turn
[1, 4, 1, 2]
  0 1 2 3 4 5 6 7 
0 . . . . . . B . 
1 W . W . . B W B 
2 B . . W B W B W 
3 W B W B W B W B 
4 B W B W B W B W 
5 W B W B W B W B 
6 B W B W B W B W 
7 W B W B W B W B 

player B's turn
[2, 0, 0, 0]
  0 1 2 3 4 5 6 7 
0 B . . . . . B . 
1 . . W . . B W B 
2 . . . W B W B W 
3 W B W B W B W B 
4 B W B W B W B W 
5 W B W B W B W B 
6 B W B W B W B W 
7 W B W B W B W B 

player W's turn
[1, 6, 1, 4]
  0 1 2 3 4 5 6 7 
0 B . . . . . B . 
1 . . W . W . . B 
2 . . . W B W B W 
3 W B W B W B W B 
4 B W B W B W B W 
5 W B W B W B W B 
6 B W B W B W B W 
7 W B W B W B W B 

player B's turn
[2, 4, 0, 4]
  0 1 2 3 4 5 6 7 
0 B . . . B . B . 
1 . . W . . . . B 
2 . . . W . W B W 
3 W B W B W B W B 
4 B W B W B W B W 
5 W B W B W B W B 
6 B W B W B W B W 
7 W B W B W B W B 

player W's turn
[2, 7, 0, 7]
  0 1 2 3 4 5 6 7 
0 B . . . B . B W 
1 . . W . . . . . 
2 . . . W . W B . 
3 W B W B W B W B 
4 B W B W B W B W 
5 W B W B W B W B 
6 B W B W B W B W 
7 W B W B W B W B 

player B's turn
[2, 6, 2, 4]
  0 1 2 3 4 5 6 7 
0 B . . . B . B W 
1 . . W . . . . . 
2 . . . W B . . . 
3 W B W B W B W B 
4 B W B W B W B W 
5 W B W B W B W B 
6 B W B W B W B W 
7 W B W B W B W B 

player W's turn
[0, 7, 0, 5]
  0 1 2 3 4 5 6 7 
0 B . . . B W . . 
1 . . W . . . . . 
2 . . . W B . . . 
3 W B W B W B W B 
4 B W B W B W B W 
5 W B W B W B W B 
6 B W B W B W B W 
7 W B W B W B W B 

player B's turn
[0, 4, 0, 6]
  0 1 2 3 4 5 6 7 
0 B . . . . . B . 
1 . . W . . . . . 
2 . . . W B . . . 
3 W B W B W B W B 
4 B W B W B W B W 
5 W B W B W B W B 
6 B W B W B W B W 
7 W B W B W B W B 

player W's turn
[2, 3, 2, 5]
  0 1 2 3 4 5 6 7 
0 B . . . . . B . 
1 . . W . . . . . 
2 . . . . . W . . 
3 W B W B W B W B 
4 B W B W B W B W 
5 W B W B W B W B 
6 B W B W B W B W 
7 W B W B W B W B 

player B's turn
[3, 5, 1, 5]
  0 1 2 3 4 5 6 7 
0 B . . . . . B . 
1 . . W . . B . . 
2 . . . . . . . . 
3 W B W B W . W B 
4 B W B W B W B W 
5 W B W B W B W B 
6 B W B W B W B W 
7 W B W B W B W B 

player W's turn
[4, 1, 2, 1]
  0 1 2 3 4 5 6 7 
0 B . . . . . B . 
1 . . W . . B . . 
2 . W . . . . . . 
3 W . W B W . W B 
4 B . B W B W B W 
5 W B W B W B W B 
6 B W B W B W B W 
7 W B W B W B W B 

player B's turn
[3, 3, 3, 5]
  0 1 2 3 4 5 6 7 
0 B . . . . . B . 
1 . . W . . B . . 
2 . W . . . . . . 
3 W . W . . B W B 
4 B . B W B W B W 
5 W B W B W B W B 
6 B W B W B W B W 
7 W B W B W B W B 

player W's turn
[3, 6, 3, 4]
  0 1 2 3 4 5 6 7 
0 B . . . . . B . 
1 . . W . . B . . 
2 . W . . . . . . 
3 W . W . W . . B 
4 B . B W B W B W 
5 W B W B W B W B 
6 B W B W B W B W 
7 W B W B W B W B 

player B's turn
[4, 0, 2, 0]
  0 1 2 3 4 5 6 7 
0 B . . . . . B . 
1 . . W . . B . . 
2 B W . . . . . . 
3 . . W . W . . B 
4 . . B W B W B W 
5 W B W B W B W B 
6 B W B W B W B W 
7 W B W B W B W B 

player W's turn
[4, 3, 4, 1]
  0 1 2 3 4 5 6 7 
0 B . . . . . B . 
1 . . W . . B . . 
2 B W . . . . . . 
3 . . W . W . . B 
4 . W . . B W B W 
5 W B W B W B W B 
6 B W B W B W B W 
7 W B W B W B W B 

player B's turn
[2, 0, 2, 2]
  0 1 2 3 4 5 6 7 
0 B . . . . . B . 
1 . . W . . B . . 
2 . . B . . . . . 
3 . . W . W . . B 
4 . W . . B W B W 
5 W B W B W B W B 
6 B W B W B W B W 
7 W B W B W B W B 

player W's turn
[4, 5, 4, 3]
  0 1 2 3 4 5 6 7 
0 B . . . . . B . 
1 . . W . . B . . 
2 . . B . . . . . 
3 . . W . W . . B 
4 . W . W . . B W 
5 W B W B W B W B 
6 B W B W B W B W 
7 W B W B W B W B 

player B's turn
[2, 2, 0, 2]
  0 1 2 3 4 5 6 7 
0 B . B . . . B . 
1 . . . . . B . . 
2 . . . . . . . . 
3 . . W . W . . B 
4 . W . W . . B W 
5 W B W B W B W B 
6 B W B W B W B W 
7 W B W B W B W B 

player W's turn
[4, 7, 2, 7]
  0 1 2 3 4 5 6 7 
0 B . B . . . B . 
1 . . . . . B . . 
2 . . . . . . . W 
3 . . W . W . . . 
4 . W . W . . B . 
5 W B W B W B W B 
6 B W B W B W B W 
7 W B W B W B W B 

player B's turn
[5, 1, 3, 1]
  0 1 2 3 4 5 6 7 
0 B . B . . . B . 
1 . . . . . B . . 
2 . . . . . . . W 
3 . B W . W . . . 
4 . . . W . . B . 
5 W . W B W B W B 
6 B W B W B W B W 
7 W B W B W B W B 

player W's turn
[3, 2, 3, 0]
  0 1 2 3 4 5 6 7 
0 B . B . . . B . 
1 . . . . . B . . 
2 . . . . . . . W 
3 W . . . W . . . 
4 . . . W . . B . 
5 W . W B W B W B 
6 B W B W B W B W 
7 W B W B W B W B 

player B's turn
[5, 3, 3, 3]
  0 1 2 3 4 5 6 7 
0 B . B . . . B . 
1 . . . . . B . . 
2 . . . . . . . W 
3 W . . B W . . . 
4 . . . . . . B . 
5 W . W . W B W B 
6 B W B W B W B W 
7 W B W B W B W B 

player W's turn
[3, 4, 3, 2]
  0 1 2 3 4 5 6 7 
0 B . B . . . B . 
1 . . . . . B . . 
2 . . . . . . . W 
3 W . W . . . . . 
4 . . . . . . B . 
5 W . W . W B W B 
6 B W B W B W B W 
7 W B W B W B W B 

player B's turn
[5, 5, 5, 3]
  0 1 2 3 4 5 6 7 
0 B . B . . . B . 
1 . . . . . B . . 
2 . . . . . . . W 
3 W . W . . . . . 
4 . . . . . . B . 
5 W . W B . . W B 
6 B W B W B W B W 
7 W B W B W B W B 

player W's turn
[5, 2, 5, 4]
  0 1 2 3 4 5 6 7 
0 B . B . . . B . 
1 . . . . . B . . 
2 . . . . . . . W 
3 W . W . . . . . 
4 . . . . . . B . 
5 W . . . W . W B 
6 B W B W B W B W 
7 W B W B W B W B 

player B's turn
[5, 7, 5, 5]
  0 1 2 3 4 5 6 7 
0 B . B . . . B . 
1 . . . . . B . . 
2 . . . . . . . W 
3 W . W . . . . . 
4 . . . . . . B . 
5 W . . . W B . . 
6 B W B W B W B W 
7 W B W B W B W B 

player W's turn
[5, 4, 5, 6]
  0 1 2 3 4 5 6 7 
0 B . B . . . B . 
1 . . . . . B . . 
2 . . . . . . . W 
3 W . W . . . . . 
4 . . . . . . B . 
5 W . . . . . W . 
6 B W B W B W B W 
7 W B W B W B W B 

player B's turn
[6, 0, 4, 0]
  0 1 2 3 4 5 6 7 
0 B . B . . . B . 
1 . . . . . B . . 
2 . . . . . . . W 
3 W . W . . . . . 
4 B . . . . . B . 
5 . . . . . . W . 
6 . W B W B W B W 
7 W B W B W B W B 

player W's turn
[3, 0, 5, 0]
  0 1 2 3 4 5 6 7 
0 B . B . . . B . 
1 . . . . . B . . 
2 . . . . . . . W 
3 . . W . . . . . 
4 . . . . . . B . 
5 W . . . . . W . 
6 . W B W B W B W 
7 W B W B W B W B 

player B's turn
[6, 2, 6, 0]
  0 1 2 3 4 5 6 7 
0 B . B . . . B . 
1 . . . . . B . . 
2 . . . . . . . W 
3 . . W . . . . . 
4 . . . . . . B . 
5 W . . . . . W . 
6 B . . W B W B W 
7 W B W B W B W B 

player W's turn
[5, 6, 3, 6]
  0 1 2 3 4 5 6 7 
0 B . B . . . B . 
1 . . . . . B . . 
2 . . . . . . . W 
3 . . W . . . W . 
4 . . . . . . . . 
5 W . . . . . . . 
6 B . . W B W B W 
7 W B W B W B W B 

player B's turn
[6, 0, 4, 0]
  0 1 2 3 4 5 6 7 
0 B . B . . . B . 
1 . . . . . B . . 
2 . . . . . . . W 
3 . . W . . . W . 
4 B . . . . . . . 
5 . . . . . . . . 
6 . . . W B W B W 
7 W B W B W B W B 

player W's turn
[7, 4, 5, 4]
  0 1 2 3 4 5 6 7 
0 B . B . . . B . 
1 . . . . . B . . 
2 . . . . . . . W 
3 . . W . . . W . 
4 B . . . . . . . 
5 . . . . W . . . 
6 . . . W . W B W 
7 W B W B . B W B 

player B's turn
[6, 6, 6, 4]
  0 1 2 3 4 5 6 7 
0 B . B . . . B . 
1 . . . . . B . . 
2 . . . . . . . W 
3 . . W . . . W . 
4 B . . . . . . . 
5 . . . . W . . . 
6 . . . W B . . W 
7 W B W B . B W B 

player W's turn
[5, 4, 7, 4]
  0 1 2 3 4 5 6 7 
0 B . B . . . B . 
1 . . . . . B . . 
2 . . . . . . . W 
3 . . W . . . W . 
4 B . . . . . . . 
5 . . . . . . . . 
6 . . . W . . . W 
7 W B W B W B W B 

player B's turn
[7, 3, 5, 3]
  0 1 2 3 4 5 6 7 
0 B . B . . . B . 
1 . . . . . B . . 
2 . . . . . . . W 
3 . . W . . . W . 
4 B . . . . . . . 
5 . . . B . . . . 
6 . . . . . . . W 
7 W B W . W B W B 

player W's turn
Game over: MinimaxDepth2Jocque loses.
