MinimaxDepth1Jocque vs MinimaxDepth3Jocque
  0 1 2 3 4 5 6 7 
0 B W B W B W B W 
1 W B W B W B W B 
2 B W B W B W B W 
3 W B W B W B W B 
4 B W B W B W B W 
5 W B W B W B W B 
6 B W B W B W B W 
7 W B W B W B W B 

player B's turn
[4, 4, 4, 4]
  0 1 2 3 4 5 6 7 
0 B W B W B W B W 
1 W B W B W B W B 
2 B W B W B W B W 
3 W B W B W B W B 
4 B W B W . W B W 
5 W B W B W B W B 
6 B W B W B W B W 
7 W B W B W B W B 

player W's turn
[4, 3, 4, 3]
  0 1 2 3 4 5 6 7 
0 B W B W B W B W 
1 W B W B W B W B 
2 B W B W B W B W 
3 W B W B W B W B 
4 B W B . . W B W 
5 W B W B W B W B 
6 B W B W B W B W 
7 W B W B W B W B 

player B's turn
[2, 4, 4, 4]
  0 1 2 3 4 5 6 7 
0 B W B W B W B W 
1 W B W B W B W B 
2 B W B W . W B W 
3 W B W B . B W B 
4 B W B . B W B W 
5 W B W B W B W B 
6 B W B W B W B W 
7 W B W B W B W B 

player W's turn
[2, 3, 4, 3]
  0 1 2 3 4 5 6 7 
0 B W B W B W B W 
1 W B W B W B W B 
2 B W B . . W B W 
3 W B W . . B W B 
4 B W B W B W B W 
5 W B W B W B W B 
6 B W B W B W B W 
7 W B W B W B W B 

player B's turn
[0, 4, 2, 4]
  0 1 2 3 4 5 6 7 
0 B W B W . W B W 
1 W B W B . B W B 
2 B W B . B W B W 
3 W B W . . B W B 
4 B W B W B W B W 
5 W B W B W B W B 
6 B W B W B W B W 
7 W B W B W B W B 

player W's turn
[0, 3, 2, 3]
  0 1 2 3 4 5 6 7 
0 B W B . . W B W 
1 W B W . . B W B 
2 B W B W B W B W 
3 W B W . . B W B 
4 B W B W B W B W 
5 W B W B W B W B 
6 B W B W B W B W 
7 W B W B W B W B 

player B's turn
[5, 3, 1, 3]
  0 1 2 3 4 5 6 7 
0 B W B . . W B W 
1 W B W B . B W B 
2 B W B . B W B W 
3 W B W . . B W B 
4 B W B . B W B W 
5 W B W . W B W B 
6 B W B W B W B W 
7 W B W B W B W B 

player W's turn
[0, 1, 0, 3]
  0 1 2 3 4 5 6 7 
0 B . . W . W B W 
1 W B W B . B W B 
2 B W B . B W B W 
3 W B W . . B W B 
4 B W B . B W B W 
5 W B W . W B W B 
6 B W B W B W B W 
7 W B W B W B W B 

player B's turn
[3, 1, 3, 3]
  0 1 2 3 4 5 6 7 
0 B . . W . W B W 
1 W B W B . B W B 
2 B W B . B W B W 
3 W . . B . B W B 
4 B W B . B W B W 
5 W B W . W B W B 
6 B W B W B W B W 
7 W B W B W B W B 

player W's turn
[0, 3, 2, 3]
  0 1 2 3 4 5 6 7 
0 B . . . . W B W 
1 W B W . . B W B 
2 B W B W B W B W 
3 W . . B . B W B 
4 B W B . B W B W 
5 W B W . W B W B 
6 B W B W B W B W 
7 W B W B W B W B 

player B's turn
[5, 1, 5, 3]
  0 1 2 3 4 5 6 7 
0 B . . . . W B W 
1 W B W . . B W B 
2 B W B W B W B W 
3 W . . B . B W B 
4 B W B . B W B W 
5 W . . B W B W B 
6 B W B W B W B W 
7 W B W B W B W B 

player W's turn
[2, 1, 0, 1]
  0 1 2 3 4 5 6 7 
0 B W . . . W B W 
1 W . W . . B W B 
2 B . B W B W B W 
3 W . . B . B W B 
4 B W B . B W B W 
5 W . . B W B W B 
6 B W B W B W B W 
7 W B W B W B W B 

player B's turn
[7, 1, 5, 1]
  0 1 2 3 4 5 6 7 
0 B W . . . W B W 
1 W . W . . B W B 
2 B . B W B W B W 
3 W . . B . B W B 
4 B W B . B W B W 
5 W B . B W B W B 
6 B . B W B W B W 
7 W . W B W B W B 

player W's turn
[2, 3, 4, 3]
  0 1 2 3 4 5 6 7 
0 B W . . . W B W 
1 W . W . . B W B 
2 B . B . B W B W 
3 W . . . . B W B 
4 B W B W B W B W 
5 W B . B W B W B 
6 B . B W B W B W 
7 W . W B W B W B 

player B's turn
[5, 3, 3, 3]
  0 1 2 3 4 5 6 7 
0 B W . . . W B W 
1 W . W . . B W B 
2 B . B . B W B W 
3 W . . B . B W B 
4 B W B . B W B W 
5 W B . . W B W B 
6 B . B W B W B W 
7 W . W B W B W B 

player W's turn
[4, 1, 6, 1]
  0 1 2 3 4 5 6 7 
0 B W . . . W B W 
1 W . W . . B W B 
2 B . B . B W B W 
3 W . . B . B W B 
4 B . B . B W B W 
5 W . . . W B W B 
6 B W B W B W B W 
7 W . W B W B W B 

player B's turn
[5, 5, 5, 3]
  0 1 2 3 4 5 6 7 
0 B W . . . W B W 
1 W . W . . B W B 
2 B . B . B W B W 
3 W . . B . B W B 
4 B . B . B W B W 
5 W . . B . . W B 
6 B W B W B W B W 
7 W . W B W B W B 

player W's turn
[1, 2, 5, 2]
  0 1 2 3 4 5 6 7 
0 B W . . . W B W 
1 W . . . . B W B 
2 B . . . B W B W 
3 W . . B . B W B 
4 B . . . B W B W 
5 W . W B . . W B 
6 B W B W B W B W 
7 W . W B W B W B 

player B's turn
[7, 5, 5, 5]
  0 1 2 3 4 5 6 7 
0 B W . . . W B W 
1 W . . . . B W B 
2 B . . . B W B W 
3 W . . B . B W B 
4 B . . . B W B W 
5 W . W B . B W B 
6 B W B W B . B W 
7 W . W B W . W B 

player W's turn
[6, 3, 4, 3]
  0 1 2 3 4 5 6 7 
0 B W . . . W B W 
1 W . . . . B W B 
2 B . . . B W B W 
3 W . . B . B W B 
4 B . . W B W B W 
5 W . W . . B W B 
6 B W B . B . B W 
7 W . W B W . W B 

player B's turn
[7, 3, 7, 1]
  0 1 2 3 4 5 6 7 
0 B W . . . W B W 
1 W . . . . B W B 
2 B . . . B W B W 
3 W . . B . B W B 
4 B . . W B W B W 
5 W . W . . B W B 
6 B W B . B . B W 
7 W B . . W . W B 

player W's turn
[4, 3, 2, 3]
  0 1 2 3 4 5 6 7 
0 B W . . . W B W 
1 W . . . . B W B 
2 B . . W B W B W 
3 W . . . . B W B 
4 B . . . B W B W 
5 W . W . . B W B 
6 B W B . B . B W 
7 W B . . W . W B 

player B's turn
[7, 7, 7, 5]
  0 1 2 3 4 5 6 7 
0 B W . . . W B W 
1 W . . . . B W B 
2 B . . W B W B W 
3 W . . . . B W B 
4 B . . . B W B W 
5 W . W . . B W B 
6 B W B . B . B W 
7 W B . . W B . . 

player W's turn
[6, 1, 6, 3]
  0 1 2 3 4 5 6 7 
0 B W . . . W B W 
1 W . . . . B W B 
2 B . . W B W B W 
3 W . . . . B W B 
4 B . . . B W B W 
5 W . W . . B W B 
6 B . . W B . B W 
7 W B . . W B . . 

player B's turn
[0, 6, 0, 4]
  0 1 2 3 4 5 6 7 
0 B W . . B . . W 
1 W . . . . B W B 
2 B . . W B W B W 
3 W . . . . B W B 
4 B . . . B W B W 
5 W . W . . B W B 
6 B . . W B . B W 
7 W B . . W B . . 

player W's turn
[4, 5, 4, 3]
  0 1 2 3 4 5 6 7 
0 B W . . B . . W 
1 W . . . . B W B 
2 B . . W B W B W 
3 W . . . . B W B 
4 B . . W . . B W 
5 W . W . . B W B 
6 B . . W B . B W 
7 W B . . W B . . 

player B's turn
[2, 6, 0, 6]
  0 1 2 3 4 5 6 7 
0 B W . . B . B W 
1 W . . . . B . B 
2 B . . W B W . W 
3 W . . . . B W B 
4 B . . W . . B W 
5 W . W . . B W B 
6 B . . W B . B W 
7 W B . . W B . . 

player W's turn
[2, 5, 0, 5]
  0 1 2 3 4 5 6 7 
0 B W . . B W B W 
1 W . . . . . . B 
2 B . . W B . . W 
3 W . . . . B W B 
4 B . . W . . B W 
5 W . W . . B W B 
6 B . . W B . B W 
7 W B . . W B . . 

player B's turn
[0, 0, 0, 2]
  0 1 2 3 4 5 6 7 
0 . . B . B W B W 
1 W . . . . . . B 
2 B . . W B . . W 
3 W . . . . B W B 
4 B . . W . . B W 
5 W . W . . B W B 
6 B . . W B . B W 
7 W B . . W B . . 

player W's turn
[3, 6, 3, 4]
  0 1 2 3 4 5 6 7 
0 . . B . B W B W 
1 W . . . . . . B 
2 B . . W B . . W 
3 W . . . W . . B 
4 B . . W . . B W 
5 W . W . . B W B 
6 B . . W B . B W 
7 W B . . W B . . 

player B's turn
[2, 0, 0, 0]
  0 1 2 3 4 5 6 7 
0 B . B . B W B W 
1 . . . . . . . B 
2 . . . W B . . W 
3 W . . . W . . B 
4 B . . W . . B W 
5 W . W . . B W B 
6 B . . W B . B W 
7 W B . . W B . . 

player W's turn
[2, 3, 2, 5]
  0 1 2 3 4 5 6 7 
0 B . B . B W B W 
1 . . . . . . . B 
2 . . . . . W . W 
3 W . . . W . . B 
4 B . . W . . B W 
5 W . W . . B W B 
6 B . . W B . B W 
7 W B . . W B . . 

player B's turn
[4, 0, 2, 0]
  0 1 2 3 4 5 6 7 
0 B . B . B W B W 
1 . . . . . . . B 
2 B . . . . W . W 
3 . . . . W . . B 
4 . . . W . . B W 
5 W . W . . B W B 
6 B . . W B . B W 
7 W B . . W B . . 

player W's turn
[6, 3, 6, 5]
  0 1 2 3 4 5 6 7 
0 B . B . B W B W 
1 . . . . . . . B 
2 B . . . . W . W 
3 . . . . W . . B 
4 . . . W . . B W 
5 W . W . . B W B 
6 B . . . . W B W 
7 W B . . W B . . 

player B's turn
[5, 7, 7, 7]
  0 1 2 3 4 5 6 7 
0 B . B . B W B W 
1 . . . . . . . B 
2 B . . . . W . W 
3 . . . . W . . B 
4 . . . W . . B W 
5 W . W . . B W . 
6 B . . . . W B . 
7 W B . . W B . B 

player W's turn
[6, 5, 6, 7]
  0 1 2 3 4 5 6 7 
0 B . B . B W B W 
1 . . . . . . . B 
2 B . . . . W . W 
3 . . . . W . . B 
4 . . . W . . B W 
5 W . W . . B W . 
6 B . . . . . . W 
7 W B . . W B . B 

player B's turn
[7, 7, 5, 7]
  0 1 2 3 4 5 6 7 
0 B . B . B W B W 
1 . . . . . . . B 
2 B . . . . W . W 
3 . . . . W . . B 
4 . . . W . . B W 
5 W . W . . B W B 
6 B . . . . . . . 
7 W B . . W B . . 

player W's turn
[5, 6, 5, 4]
  0 1 2 3 4 5 6 7 
0 B . B . B W B W 
1 . . . . . . . B 
2 B . . . . W . W 
3 . . . . W . . B 
4 . . . W . . B W 
5 W . W . W . . B 
6 B . . . . . . . 
7 W B . . W B . . 

player B's turn
[6, 0, 4, 0]
  0 1 2 3 4 5 6 7 
0 B . B . B W B W 
1 . . . . . . . B 
2 B . . . . W . W 
3 . . . . W . . B 
4 B . . W . . B W 
5 . . W . W . . B 
6 . . . . . . . . 
7 W B . . W B . . 

player W's turn
[4, 7, 6, 7]
  0 1 2 3 4 5 6 7 
0 B . B . B W B W 
1 . . . . . . . B 
2 B . . . . W . W 
3 . . . . W . . B 
4 B . . W . . B . 
5 . . W . W . . . 
6 . . . . . . . W 
7 W B . . W B . . 

player B's turn
[7, 5, 7, 3]
  0 1 2 3 4 5 6 7 
0 B . B . B W B W 
1 . . . . . . . B 
2 B . . . . W . W 
3 . . . . W . . B 
4 B . . W . . B . 
5 . . W . W . . . 
6 . . . . . . . W 
7 W B . B . . . . 

player W's turn
[0, 5, 0, 3]
  0 1 2 3 4 5 6 7 
0 B . B W . . B W 
1 . . . . . . . B 
2 B . . . . W . W 
3 . . . . W . . B 
4 B . . W . . B . 
5 . . W . W . . . 
6 . . . . . . . W 
7 W B . B . . . . 

player B's turn
[0, 2, 0, 4]
  0 1 2 3 4 5 6 7 
0 B . . . B . B W 
1 . . . . . . . B 
2 B . . . . W . W 
3 . . . . W . . B 
4 B . . W . . B . 
5 . . W . W . . . 
6 . . . . . . . W 
7 W B . B . . . . 

player W's turn
[0, 7, 0, 5]
  0 1 2 3 4 5 6 7 
0 B . . . B W . . 
1 . . . . . . . B 
2 B . . . . W . W 
3 . . . . W . . B 
4 B . . W . . B . 
5 . . W . W . . . 
6 . . . . . . . W 
7 W B . B . . . . 

player B's turn
[0, 4, 0, 6]
  0 1 2 3 4 5 6 7 
0 B . . . . . B . 
1 . . . . . . . B 
2 B . . . . W . W 
3 . . . . W . . B 
4 B . . W . . B . 
5 . . W . W . . . 
6 . . . . . . . W 
7 W B . B . . . . 

player W's turn
[2, 7, 0, 7]
  0 1 2 3 4 5 6 7 
0 B . . . . . B W 
1 . . . . . . . . 
2 B . . . . W . . 
3 . . . . W . . B 
4 B . . W . . B . 
5 . . W . W . . . 
6 . . . . . . . W 
7 W B . B . . . . 

player B's turn
Game over: MinimaxDepth1Jocque loses.
