Human vs Human
  0 1 2 3 4 5 
0 B W B W B W 
1 W B W B W B 
2 B W B W B W 
3 W B W B W B 
4 B W B W B W 
5 W B W B W B 

player B's turn
[0, 0, 0, 0]
  0 1 2 3 4 5 
0 . W B W B W 
1 W B W B W B 
2 B W B W B W 
3 W B W B W B 
4 B W B W B W 
5 W B W B W B 

player W's turn
[0, 1, 0, 1]
  0 1 2 3 4 5 
0 . . B W B W 
1 W B W B W B 
2 B W B W B W 
3 W B W B W B 
4 B W B W B W 
5 W B W B W B 

player B's turn
[2, 0, 0, 0]
  0 1 2 3 4 5 
0 B . B W B W 
1 . B W B W B 
2 . W B W B W 
3 W B W B W B 
4 B W B W B W 
5 W B W B W B 

player W's turn
