Human vs MinimaxDepth3Jocque
  0 1 2 3 4 5 6 7 
0 B W B W B W B W 
1 W B W B W B W B 
2 B W B W B W B W 
3 W B W B W B W B 
4 B W B W B W B W 
5 W B W B W B W B 
6 B W B W B W B W 
7 W B W B W B W B 

player B's turn
[4, 4, 4, 4]
  0 1 2 3 4 5 6 7 
0 B W B W B W B W 
1 W B W B W B W B 
2 B W B W B W B W 
3 W B W B W B W B 
4 B W B W . W B W 
5 W B W B W B W B 
6 B W B W B W B W 
7 W B W B W B W B 

player W's turn
[4, 3, 4, 3]
  0 1 2 3 4 5 6 7 
0 B W B W B W B W 
1 W B W B W B W B 
2 B W B W B W B W 
3 W B W B W B W B 
4 B W B . . W B W 
5 W B W B W B W B 
6 B W B W B W B W 
7 W B W B W B W B 

player B's turn
[2, 4, 4, 4]
  0 1 2 3 4 5 6 7 
0 B W B W B W B W 
1 W B W B W B W B 
2 B W B W . W B W 
3 W B W B . B W B 
4 B W B . B W B W 
5 W B W B W B W B 
6 B W B W B W B W 
7 W B W B W B W B 

player W's turn
[2, 3, 4, 3]
  0 1 2 3 4 5 6 7 
0 B W B W B W B W 
1 W B W B W B W B 
2 B W B . . W B W 
3 W B W . . B W B 
4 B W B W B W B W 
5 W B W B W B W B 
6 B W B W B W B W 
7 W B W B W B W B 

player B's turn
[0, 4, 2, 4]
  0 1 2 3 4 5 6 7 
0 B W B W . W B W 
1 W B W B . B W B 
2 B W B . B W B W 
3 W B W . . B W B 
4 B W B W B W B W 
5 W B W B W B W B 
6 B W B W B W B W 
7 W B W B W B W B 

player W's turn
[0, 3, 2, 3]
  0 1 2 3 4 5 6 7 
0 B W B . . W B W 
1 W B W . . B W B 
2 B W B W B W B W 
3 W B W . . B W B 
4 B W B W B W B W 
5 W B W B W B W B 
6 B W B W B W B W 
7 W B W B W B W B 

player B's turn
[5, 3, 3, 3]
  0 1 2 3 4 5 6 7 
0 B W B . . W B W 
1 W B W . . B W B 
2 B W B W B W B W 
3 W B W B . B W B 
4 B W B . B W B W 
5 W B W . W B W B 
6 B W B W B W B W 
7 W B W B W B W B 

player W's turn
[0, 1, 0, 3]
  0 1 2 3 4 5 6 7 
0 B . . W . W B W 
1 W B W . . B W B 
2 B W B W B W B W 
3 W B W B . B W B 
4 B W B . B W B W 
5 W B W . W B W B 
6 B W B W B W B W 
7 W B W B W B W B 

player B's turn
[1, 1, 1, 3]
  0 1 2 3 4 5 6 7 
0 B . . W . W B W 
1 W . . B . B W B 
2 B W B W B W B W 
3 W B W B . B W B 
4 B W B . B W B W 
5 W B W . W B W B 
6 B W B W B W B W 
7 W B W B W B W B 

player W's turn
[2, 3, 4, 3]
  0 1 2 3 4 5 6 7 
0 B . . W . W B W 
1 W . . B . B W B 
2 B W B . B W B W 
3 W B W . . B W B 
4 B W B W B W B W 
5 W B W . W B W B 
6 B W B W B W B W 
7 W B W B W B W B 

player B's turn
[5, 5, 5, 3]
  0 1 2 3 4 5 6 7 
0 B . . W . W B W 
1 W . . B . B W B 
2 B W B . B W B W 
3 W B W . . B W B 
4 B W B W B W B W 
5 W B W B . . W B 
6 B W B W B W B W 
7 W B W B W B W B 

player W's turn
[0, 3, 2, 3]
  0 1 2 3 4 5 6 7 
0 B . . . . W B W 
1 W . . . . B W B 
2 B W B W B W B W 
3 W B W . . B W B 
4 B W B W B W B W 
5 W B W B . . W B 
6 B W B W B W B W 
7 W B W B W B W B 

player B's turn
[5, 3, 3, 3]
  0 1 2 3 4 5 6 7 
0 B . . . . W B W 
1 W . . . . B W B 
2 B W B W B W B W 
3 W B W B . B W B 
4 B W B . B W B W 
5 W B W . . . W B 
6 B W B W B W B W 
7 W B W B W B W B 

player W's turn
[2, 3, 4, 3]
  0 1 2 3 4 5 6 7 
0 B . . . . W B W 
1 W . . . . B W B 
2 B W B . B W B W 
3 W B W . . B W B 
4 B W B W B W B W 
5 W B W . . . W B 
6 B W B W B W B W 
7 W B W B W B W B 

player B's turn
[3, 5, 5, 5]
  0 1 2 3 4 5 6 7 
0 B . . . . W B W 
1 W . . . . B W B 
2 B W B . B W B W 
3 W B W . . . W B 
4 B W B W B . B W 
5 W B W . . B W B 
6 B W B W B W B W 
7 W B W B W B W B 

player W's turn
[3, 2, 1, 2]
  0 1 2 3 4 5 6 7 
0 B . . . . W B W 
1 W . W . . B W B 
2 B W . . B W B W 
3 W B . . . . W B 
4 B W B W B . B W 
5 W B W . . B W B 
6 B W B W B W B W 
7 W B W B W B W B 

player B's turn
[7, 3, 3, 3]
  0 1 2 3 4 5 6 7 
0 B . . . . W B W 
1 W . W . . B W B 
2 B W . . B W B W 
3 W B . B . . W B 
4 B W B . B . B W 
5 W B W . . B W B 
6 B W B . B W B W 
7 W B W . W B W B 

player W's turn
[2, 5, 2, 3]
  0 1 2 3 4 5 6 7 
0 B . . . . W B W 
1 W . W . . B W B 
2 B W . W . . B W 
3 W B . B . . W B 
4 B W B . B . B W 
5 W B W . . B W B 
6 B W B . B W B W 
7 W B W . W B W B 

player B's turn
[7, 5, 7, 3]
  0 1 2 3 4 5 6 7 
0 B . . . . W B W 
1 W . W . . B W B 
2 B W . W . . B W 
3 W B . B . . W B 
4 B W B . B . B W 
5 W B W . . B W B 
6 B W B . B W B W 
7 W B W B . . W B 

player W's turn
[2, 3, 4, 3]
  0 1 2 3 4 5 6 7 
0 B . . . . W B W 
1 W . W . . B W B 
2 B W . . . . B W 
3 W B . . . . W B 
4 B W B W B . B W 
5 W B W . . B W B 
6 B W B . B W B W 
7 W B W B . . W B 

player B's turn
[2, 0, 2, 2]
  0 1 2 3 4 5 6 7 
0 B . . . . W B W 
1 W . W . . B W B 
2 . . B . . . B W 
3 W B . . . . W B 
4 B W B W B . B W 
5 W B W . . B W B 
6 B W B . B W B W 
7 W B W B . . W B 

player W's turn
[4, 1, 2, 1]
  0 1 2 3 4 5 6 7 
0 B . . . . W B W 
1 W . W . . B W B 
2 . W B . . . B W 
3 W . . . . . W B 
4 B . B W B . B W 
5 W B W . . B W B 
6 B W B . B W B W 
7 W B W B . . W B 

player B's turn
[0, 0, 2, 0]
  0 1 2 3 4 5 6 7 
0 . . . . . W B W 
1 . . W . . B W B 
2 B W B . . . B W 
3 W . . . . . W B 
4 B . B W B . B W 
5 W B W . . B W B 
6 B W B . B W B W 
7 W B W B . . W B 

player W's turn
[2, 1, 2, 3]
  0 1 2 3 4 5 6 7 
0 . . . . . W B W 
1 . . W . . B W B 
2 B . . W . . B W 
3 W . . . . . W B 
4 B . B W B . B W 
5 W B W . . B W B 
6 B W B . B W B W 
7 W B W B . . W B 

player B's turn
[7, 7, 7, 5]
  0 1 2 3 4 5 6 7 
0 . . . . . W B W 
1 . . W . . B W B 
2 B . . W . . B W 
3 W . . . . . W B 
4 B . B W B . B W 
5 W B W . . B W B 
6 B W B . B W B W 
7 W B W B . B . . 

player W's turn
[6, 1, 4, 1]
  0 1 2 3 4 5 6 7 
0 . . . . . W B W 
1 . . W . . B W B 
2 B . . W . . B W 
3 W . . . . . W B 
4 B W B W B . B W 
5 W . W . . B W B 
6 B . B . B W B W 
7 W B W B . B . . 

player B's turn
[5, 7, 7, 7]
  0 1 2 3 4 5 6 7 
0 . . . . . W B W 
1 . . W . . B W B 
2 B . . W . . B W 
3 W . . . . . W B 
4 B W B W B . B W 
5 W . W . . B W . 
6 B . B . B W B . 
7 W B W B . B . B 

player W's turn
[1, 6, 1, 4]
  0 1 2 3 4 5 6 7 
0 . . . . . W B W 
1 . . W . W . . B 
2 B . . W . . B W 
3 W . . . . . W B 
4 B W B W B . B W 
5 W . W . . B W . 
6 B . B . B W B . 
7 W B W B . B . B 

player B's turn
[3, 7, 5, 7]
  0 1 2 3 4 5 6 7 
0 . . . . . W B W 
1 . . W . W . . B 
2 B . . W . . B W 
3 W . . . . . W . 
4 B W B W B . B . 
5 W . W . . B W B 
6 B . B . B W B . 
7 W B W B . B . B 

player W's turn
[3, 0, 1, 0]
  0 1 2 3 4 5 6 7 
0 . . . . . W B W 
1 W . W . W . . B 
2 . . . W . . B W 
3 . . . . . . W . 
4 B W B W B . B . 
5 W . W . . B W B 
6 B . B . B W B . 
7 W B W B . B . B 

player B's turn
[1, 7, 3, 7]
  0 1 2 3 4 5 6 7 
0 . . . . . W B W 
1 W . W . W . . . 
2 . . . W . . B . 
3 . . . . . . W B 
4 B W B W B . B . 
5 W . W . . B W B 
6 B . B . B W B . 
7 W B W B . B . B 

player W's turn
[3, 6, 1, 6]
  0 1 2 3 4 5 6 7 
0 . . . . . W B W 
1 W . W . W . W . 
2 . . . W . . . . 
3 . . . . . . . B 
4 B W B W B . B . 
5 W . W . . B W B 
6 B . B . B W B . 
7 W B W B . B . B 

player B's turn
[0, 6, 2, 6]
  0 1 2 3 4 5 6 7 
0 . . . . . W . W 
1 W . W . W . . . 
2 . . . W . . B . 
3 . . . . . . . B 
4 B W B W B . B . 
5 W . W . . B W B 
6 B . B . B W B . 
7 W B W B . B . B 

player W's turn
[5, 6, 3, 6]
  0 1 2 3 4 5 6 7 
0 . . . . . W . W 
1 W . W . W . . . 
2 . . . W . . B . 
3 . . . . . . W B 
4 B W B W B . . . 
5 W . W . . B . B 
6 B . B . B W B . 
7 W B W B . B . B 

player B's turn
[2, 6, 4, 6]
  0 1 2 3 4 5 6 7 
0 . . . . . W . W 
1 W . W . W . . . 
2 . . . W . . . . 
3 . . . . . . . B 
4 B W B W B . B . 
5 W . W . . B . B 
6 B . B . B W B . 
7 W B W B . B . B 

player W's turn
[4, 3, 4, 5]
  0 1 2 3 4 5 6 7 
0 . . . . . W . W 
1 W . W . W . . . 
2 . . . W . . . . 
3 . . . . . . . B 
4 B W B . . W B . 
5 W . W . . B . B 
6 B . B . B W B . 
7 W B W B . B . B 

player B's turn
[4, 6, 4, 4]
  0 1 2 3 4 5 6 7 
0 . . . . . W . W 
1 W . W . W . . . 
2 . . . W . . . . 
3 . . . . . . . B 
4 B W B . B . . . 
5 W . W . . B . B 
6 B . B . B W B . 
7 W B W B . B . B 

player W's turn
[4, 1, 4, 3]
  0 1 2 3 4 5 6 7 
0 . . . . . W . W 
1 W . W . W . . . 
2 . . . W . . . . 
3 . . . . . . . B 
4 B . . W B . . . 
5 W . W . . B . B 
6 B . B . B W B . 
7 W B W B . B . B 

player B's turn
[6, 2, 4, 2]
  0 1 2 3 4 5 6 7 
0 . . . . . W . W 
1 W . W . W . . . 
2 . . . W . . . . 
3 . . . . . . . B 
4 B . B W B . . . 
5 W . . . . B . B 
6 B . . . B W B . 
7 W B W B . B . B 

player W's turn
[4, 3, 4, 5]
  0 1 2 3 4 5 6 7 
0 . . . . . W . W 
1 W . W . W . . . 
2 . . . W . . . . 
3 . . . . . . . B 
4 B . B . . W . . 
5 W . . . . B . B 
6 B . . . B W B . 
7 W B W B . B . B 

player B's turn
[5, 5, 3, 5]
  0 1 2 3 4 5 6 7 
0 . . . . . W . W 
1 W . W . W . . . 
2 . . . W . . . . 
3 . . . . . B . B 
4 B . B . . . . . 
5 W . . . . . . B 
6 B . . . B W B . 
7 W B W B . B . B 

player W's turn
[5, 0, 3, 0]
  0 1 2 3 4 5 6 7 
0 . . . . . W . W 
1 W . W . W . . . 
2 . . . W . . . . 
3 W . . . . B . B 
4 . . B . . . . . 
5 . . . . . . . B 
6 B . . . B W B . 
7 W B W B . B . B 

player B's turn
[7, 5, 5, 5]
  0 1 2 3 4 5 6 7 
0 . . . . . W . W 
1 W . W . W . . . 
2 . . . W . . . . 
3 W . . . . B . B 
4 . . B . . . . . 
5 . . . . . B . B 
6 B . . . B . B . 
7 W B W B . . . B 

player W's turn
[7, 0, 5, 0]
  0 1 2 3 4 5 6 7 
0 . . . . . W . W 
1 W . W . W . . . 
2 . . . W . . . . 
3 W . . . . B . B 
4 . . B . . . . . 
5 W . . . . B . B 
6 . . . . B . B . 
7 . B W B . . . B 

player B's turn
Game over: Human loses.
