Random vs Simple
  0 1 2 3 4 5 
0 B W B W B W 
1 W B W B W B 
2 B W B W B W 
3 W B W B W B 
4 B W B W B W 
5 W B W B W B 

player B's turn
[5, 5, 5, 5]
  0 1 2 3 4 5 
0 B W B W B W 
1 W B W B W B 
2 B W B W B W 
3 W B W B W B 
4 B W B W B W 
5 W B W B W . 

player W's turn
[5, 4, 5, 4]
  0 1 2 3 4 5 
0 B W B W B W 
1 W B W B W B 
2 B W B W B W 
3 W B W B W B 
4 B W B W B W 
5 W B W B . . 

player B's turn
[3, 5, 5, 5]
  0 1 2 3 4 5 
0 B W B W B W 
1 W B W B W B 
2 B W B W B W 
3 W B W B W . 
4 B W B W B . 
5 W B W B . B 

player W's turn
[3, 4, 5, 4]
  0 1 2 3 4 5 
0 B W B W B W 
1 W B W B W B 
2 B W B W B W 
3 W B W B . . 
4 B W B W . . 
5 W B W B W B 

player B's turn
[4, 2, 4, 4]
  0 1 2 3 4 5 
0 B W B W B W 
1 W B W B W B 
2 B W B W B W 
3 W B W B . . 
4 B W . . B . 
5 W B W B W B 

player W's turn
[1, 4, 3, 4]
  0 1 2 3 4 5 
0 B W B W B W 
1 W B W B . B 
2 B W B W . W 
3 W B W B W . 
4 B W . . B . 
5 W B W B W B 

player B's turn
[3, 3, 3, 5]
  0 1 2 3 4 5 
0 B W B W B W 
1 W B W B . B 
2 B W B W . W 
3 W B W . . B 
4 B W . . B . 
5 W B W B W B 

player W's turn
[1, 2, 1, 4]
  0 1 2 3 4 5 
0 B W B W B W 
1 W B . . W B 
2 B W B W . W 
3 W B W . . B 
4 B W . . B . 
5 W B W B W B 

player B's turn
[1, 5, 1, 3]
  0 1 2 3 4 5 
0 B W B W B W 
1 W B . B . . 
2 B W B W . W 
3 W B W . . B 
4 B W . . B . 
5 W B W B W B 

player W's turn
[1, 0, 1, 2]
  0 1 2 3 4 5 
0 B W B W B W 
1 . . W B . . 
2 B W B W . W 
3 W B W . . B 
4 B W . . B . 
5 W B W B W B 

player B's turn
[3, 5, 1, 5]
  0 1 2 3 4 5 
0 B W B W B W 
1 . . W B . B 
2 B W B W . . 
3 W B W . . . 
4 B W . . B . 
5 W B W B W B 

player W's turn
[0, 5, 2, 5]
  0 1 2 3 4 5 
0 B W B W B . 
1 . . W B . . 
2 B W B W . W 
3 W B W . . . 
4 B W . . B . 
5 W B W B W B 

player B's turn
[1, 3, 1, 1]
  0 1 2 3 4 5 
0 B W B W B . 
1 . B . . . . 
2 B W B W . W 
3 W B W . . . 
4 B W . . B . 
5 W B W B W B 

player W's turn
[0, 3, 0, 5]
  0 1 2 3 4 5 
0 B W B . . W 
1 . B . . . . 
2 B W B W . W 
3 W B W . . . 
4 B W . . B . 
5 W B W B W B 

player B's turn
[2, 2, 2, 4]
  0 1 2 3 4 5 
0 B W B . . W 
1 . B . . . . 
2 B W . . B W 
3 W B W . . . 
4 B W . . B . 
5 W B W B W B 

player W's turn
[0, 1, 0, 3]
  0 1 2 3 4 5 
0 B . . W . W 
1 . B . . . . 
2 B W . . B W 
3 W B W . . . 
4 B W . . B . 
5 W B W B W B 

player B's turn
[2, 0, 2, 2]
  0 1 2 3 4 5 
0 B . . W . W 
1 . B . . . . 
2 . . B . B W 
3 W B W . . . 
4 B W . . B . 
5 W B W B W B 

player W's turn
[2, 5, 2, 3]
  0 1 2 3 4 5 
0 B . . W . W 
1 . B . . . . 
2 . . B W . . 
3 W B W . . . 
4 B W . . B . 
5 W B W B W B 

player B's turn
[4, 0, 4, 2]
  0 1 2 3 4 5 
0 B . . W . W 
1 . B . . . . 
2 . . B W . . 
3 W B W . . . 
4 . . B . B . 
5 W B W B W B 

player W's turn
[2, 3, 2, 1]
  0 1 2 3 4 5 
0 B . . W . W 
1 . B . . . . 
2 . W . . . . 
3 W B W . . . 
4 . . B . B . 
5 W B W B W B 

player B's turn
[4, 2, 2, 2]
  0 1 2 3 4 5 
0 B . . W . W 
1 . B . . . . 
2 . W B . . . 
3 W B . . . . 
4 . . . . B . 
5 W B W B W B 

player W's turn
[2, 1, 0, 1]
  0 1 2 3 4 5 
0 B W . W . W 
1 . . . . . . 
2 . . B . . . 
3 W B . . . . 
4 . . . . B . 
5 W B W B W B 

player B's turn
[0, 0, 0, 4]
  0 1 2 3 4 5 
0 . . . . B W 
1 . . . . . . 
2 . . B . . . 
3 W B . . . . 
4 . . . . B . 
5 W B W B W B 

player W's turn
[0, 5, 0, 3]
  0 1 2 3 4 5 
0 . . . W . . 
1 . . . . . . 
2 . . B . . . 
3 W B . . . . 
4 . . . . B . 
5 W B W B W B 

player B's turn
Game over: Random loses.
