Simple vs Random
  0 1 2 3 4 5 
0 B W B W B W 
1 W B W B W B 
2 B W B W B W 
3 W B W B W B 
4 B W B W B W 
5 W B W B W B 

player B's turn
[0, 0, 0, 0]
  0 1 2 3 4 5 
0 . W B W B W 
1 W B W B W B 
2 B W B W B W 
3 W B W B W B 
4 B W B W B W 
5 W B W B W B 

player W's turn
[1, 0, 1, 0]
  0 1 2 3 4 5 
0 . W B W B W 
1 . B W B W B 
2 B W B W B W 
3 W B W B W B 
4 B W B W B W 
5 W B W B W B 

player B's turn
[0, 2, 0, 0]
  0 1 2 3 4 5 
0 B . . W B W 
1 . B W B W B 
2 B W B W B W 
3 W B W B W B 
4 B W B W B W 
5 W B W B W B 

player W's turn
[1, 2, 1, 0]
  0 1 2 3 4 5 
0 B . . W B W 
1 W . . B W B 
2 B W B W B W 
3 W B W B W B 
4 B W B W B W 
5 W B W B W B 

player B's turn
[0, 4, 0, 2]
  0 1 2 3 4 5 
0 B . B . . W 
1 W . . B W B 
2 B W B W B W 
3 W B W B W B 
4 B W B W B W 
5 W B W B W B 

player W's turn
[2, 3, 0, 3]
  0 1 2 3 4 5 
0 B . B W . W 
1 W . . . W B 
2 B W B . B W 
3 W B W B W B 
4 B W B W B W 
5 W B W B W B 

player B's turn
[0, 2, 0, 4]
  0 1 2 3 4 5 
0 B . . . B W 
1 W . . . W B 
2 B W B . B W 
3 W B W B W B 
4 B W B W B W 
5 W B W B W B 

player W's turn
[3, 2, 1, 2]
  0 1 2 3 4 5 
0 B . . . B W 
1 W . W . W B 
2 B W . . B W 
3 W B . B W B 
4 B W B W B W 
5 W B W B W B 

player B's turn
[1, 5, 1, 3]
  0 1 2 3 4 5 
0 B . . . B W 
1 W . W B . . 
2 B W . . B W 
3 W B . B W B 
4 B W B W B W 
5 W B W B W B 

player W's turn
[4, 3, 0, 3]
  0 1 2 3 4 5 
0 B . . W B W 
1 W . W . . . 
2 B W . . B W 
3 W B . . W B 
4 B W B . B W 
5 W B W B W B 

player B's turn
[0, 4, 0, 2]
  0 1 2 3 4 5 
0 B . B . . W 
1 W . W . . . 
2 B W . . B W 
3 W B . . W B 
4 B W B . B W 
5 W B W B W B 

player W's turn
[3, 0, 3, 2]
  0 1 2 3 4 5 
0 B . B . . W 
1 W . W . . . 
2 B W . . B W 
3 . . W . W B 
4 B W B . B W 
5 W B W B W B 

player B's turn
[0, 2, 2, 2]
  0 1 2 3 4 5 
0 B . . . . W 
1 W . . . . . 
2 B W B . B W 
3 . . W . W B 
4 B W B . B W 
5 W B W B W B 

player W's turn
[4, 1, 4, 3]
  0 1 2 3 4 5 
0 B . . . . W 
1 W . . . . . 
2 B W B . B W 
3 . . W . W B 
4 B . . W B W 
5 W B W B W B 

player B's turn
[2, 2, 4, 2]
  0 1 2 3 4 5 
0 B . . . . W 
1 W . . . . . 
2 B W . . B W 
3 . . . . W B 
4 B . B W B W 
5 W B W B W B 

player W's turn
[2, 5, 2, 3]
  0 1 2 3 4 5 
0 B . . . . W 
1 W . . . . . 
2 B W . W . . 
3 . . . . W B 
4 B . B W B W 
5 W B W B W B 

player B's turn
[2, 0, 2, 2]
  0 1 2 3 4 5 
0 B . . . . W 
1 W . . . . . 
2 . . B W . . 
3 . . . . W B 
4 B . B W B W 
5 W B W B W B 

player W's turn
[4, 3, 4, 1]
  0 1 2 3 4 5 
0 B . . . . W 
1 W . . . . . 
2 . . B W . . 
3 . . . . W B 
4 B W . . B W 
5 W B W B W B 

player B's turn
[0, 0, 2, 0]
  0 1 2 3 4 5 
0 . . . . . W 
1 . . . . . . 
2 B . B W . . 
3 . . . . W B 
4 B W . . B W 
5 W B W B W B 

player W's turn
[4, 5, 4, 3]
  0 1 2 3 4 5 
0 . . . . . W 
1 . . . . . . 
2 B . B W . . 
3 . . . . W B 
4 B W . W . . 
5 W B W B W B 

player B's turn
[2, 2, 2, 4]
  0 1 2 3 4 5 
0 . . . . . W 
1 . . . . . . 
2 B . . . B . 
3 . . . . W B 
4 B W . W . . 
5 W B W B W B 

player W's turn
[5, 0, 1, 0]
  0 1 2 3 4 5 
0 . . . . . W 
1 W . . . . . 
2 . . . . B . 
3 . . . . W B 
4 . W . W . . 
5 . B W B W B 

player B's turn
[2, 4, 4, 4]
  0 1 2 3 4 5 
0 . . . . . W 
1 W . . . . . 
2 . . . . . . 
3 . . . . . B 
4 . W . W B . 
5 . B W B W B 

player W's turn
[5, 2, 5, 0]
  0 1 2 3 4 5 
0 . . . . . W 
1 W . . . . . 
2 . . . . . . 
3 . . . . . B 
4 . W . W B . 
5 W . . B W B 

player B's turn
[4, 4, 4, 2]
  0 1 2 3 4 5 
0 . . . . . W 
1 W . . . . . 
2 . . . . . . 
3 . . . . . B 
4 . W B . . . 
5 W . . B W B 

player W's turn
[4, 1, 4, 3]
  0 1 2 3 4 5 
0 . . . . . W 
1 W . . . . . 
2 . . . . . . 
3 . . . . . B 
4 . . . W . . 
5 W . . B W B 

player B's turn
[5, 3, 3, 3]
  0 1 2 3 4 5 
0 . . . . . W 
1 W . . . . . 
2 . . . . . . 
3 . . . B . B 
4 . . . . . . 
5 W . . . W B 

player W's turn
Game over: Random loses.
